<?xml version="1.0" encoding="UTF-8"?>
<testng-results ignored="0" total="1" passed="1" failed="0" skipped="0">
  <reporter-output>
  </reporter-output>
  <suite started-at="2021-08-26T21:35:26 IST" name="Default suite" finished-at="2021-08-26T21:35:29 IST" duration-ms="3186">
    <groups>
    </groups>
    <test started-at="2021-08-26T21:35:26 IST" name="Default test" finished-at="2021-08-26T21:35:29 IST" duration-ms="3186">
      <class name="pojoDeSelearilization.serialization">
        <test-method signature="serial()[pri:0, instance:pojoDeSelearilization.serialization@625732]" started-at="2021-08-26T21:35:26 IST" name="serial" finished-at="2021-08-26T21:35:29 IST" duration-ms="3121" status="PASS">
          <reporter-output>
          </reporter-output>
        </test-method> <!-- serial -->
      </class> <!-- pojoDeSelearilization.serialization -->
    </test> <!-- Default test -->
  </suite> <!-- Default suite -->
</testng-results>
