<?xml version="1.0" encoding="UTF-8"?>
<testng-results ignored="0" total="1" passed="1" failed="0" skipped="0">
  <reporter-output>
  </reporter-output>
  <suite started-at="2021-08-29T23:12:07 IST" name="Default suite" finished-at="2021-08-29T23:12:11 IST" duration-ms="4617">
    <groups>
    </groups>
    <test started-at="2021-08-29T23:12:07 IST" name="Default test" finished-at="2021-08-29T23:12:11 IST" duration-ms="4617">
      <class name="jsonHasMapRequest">
        <test-method signature="datadrivenRequest()[pri:0, instance:jsonHasMapRequest@6283d8b8]" started-at="2021-08-29T23:12:07 IST" name="datadrivenRequest" finished-at="2021-08-29T23:12:11 IST" duration-ms="4566" status="PASS">
          <reporter-output>
          </reporter-output>
        </test-method> <!-- datadrivenRequest -->
      </class> <!-- jsonHasMapRequest -->
    </test> <!-- Default test -->
  </suite> <!-- Default suite -->
</testng-results>
